\BOOKMARK [-1][]{part.1}{I Complementi di Teoria delle E.D.O.}{}% 1
\BOOKMARK [0][]{chapter.1}{Ripasso E.D.O.}{part.1}% 2
\BOOKMARK [0][]{chapter.2}{Teorema di dipendenza continua dai dati iniziali}{part.1}% 3
\BOOKMARK [1][]{section.2.1}{Il teorema}{chapter.2}% 4
\BOOKMARK [1][]{section.2.2}{Equazione alle variazioni}{chapter.2}% 5
\BOOKMARK [1][]{section.2.3}{Flusso associato ad una equazione differenziale}{chapter.2}% 6
\BOOKMARK [0][]{chapter.3}{Equazioni autonome}{part.1}% 7
\BOOKMARK [1][]{section.3.1}{Equazioni autonome in una dimensione}{chapter.3}% 8
\BOOKMARK [2][]{subsection.3.1.1}{Equazione logistica}{section.3.1}% 9
\BOOKMARK [2][]{subsection.3.1.2}{Diagramma di fase}{section.3.1}% 10
\BOOKMARK [1][]{section.3.2}{Risultati e definizioni sui sistemi autonomi}{chapter.3}% 11
\BOOKMARK [1][]{section.3.3}{Stabilit\340 dei punti di equilibrio}{chapter.3}% 12
\BOOKMARK [1][]{section.3.4}{Equazioni autonome in due dimensioni}{chapter.3}% 13
\BOOKMARK [0][]{chapter.4}{Sistemi di E.D.O. lineari}{part.1}% 14
\BOOKMARK [1][]{section.4.1}{Matrice diagonale}{chapter.4}% 15
\BOOKMARK [1][]{section.4.2}{Matrice diagonalizzabile}{chapter.4}% 16
\BOOKMARK [1][]{section.4.3}{Matrice esponenzialeDal paganisalsa}{chapter.4}% 17
\BOOKMARK [1][]{section.4.4}{Matrice con autovalori in \040C}{chapter.4}% 18
\BOOKMARK [1][]{section.4.5}{Matrice con autovalori regolari in \040R o in \040C}{chapter.4}% 19
\BOOKMARK [1][]{section.4.6}{Matrice generica}{chapter.4}% 20
\BOOKMARK [1][]{section.4.7}{Metodo di linearizzazione}{chapter.4}% 21
\BOOKMARK [0][]{chapter.5}{Metodo diretto di Lyapunov per lo studio della stabilit\340 degli equilibri}{part.1}% 22
\BOOKMARK [1][]{section.5.1}{Applicazione del metodo di Lyapunov}{chapter.5}% 23
\BOOKMARK [1][]{section.5.2}{Alcuni risultati teorici}{chapter.5}% 24
\BOOKMARK [-1][]{part.2}{II Introduzione alle tecniche geometriche per lo studio dei modelli differenziali in fisica matematica}{}% 25
\BOOKMARK [0][]{chapter.6}{Campi di vettori e forme differenziali su spazi affini}{part.2}% 26
\BOOKMARK [1][]{section.6.1}{Simboli di Christoffel}{chapter.6}% 27
\BOOKMARK [1][]{section.6.2}{Forme differenziali}{chapter.6}% 28
\BOOKMARK [0][]{chapter.7}{Curve negli spazi affini, rappresentazione in coordinate non affini, e sistemi dinamici}{part.2}% 29
\BOOKMARK [1][]{section.7.1}{Risoluzione sistemi dinamici}{chapter.7}% 30
\BOOKMARK [1][]{section.7.2}{Velocit\340 e accelerazione in coordinate non affini}{chapter.7}% 31
\BOOKMARK [1][]{section.7.3}{Moti geodetici su una superficie}{chapter.7}% 32
\BOOKMARK [0][]{chapter.8}{Il modello della visione}{part.2}% 33
\BOOKMARK [1][]{section.8.1}{Introduzione}{chapter.8}% 34
\BOOKMARK [1][]{section.8.2}{Il modello}{chapter.8}% 35
